<?xml version="1.0" encoding="UTF-8"?>
<testsuite xmlns:xsi="http://www.w3.org/2001/XMLSchema-instance" xsi:noNamespaceSchemaLocation="https://maven.apache.org/surefire/maven-surefire-plugin/xsd/surefire-test-report-3.0.xsd" version="3.0" name="com.pahana.adminstaffsystem.dao.StaffDAOTest" time="0.372" tests="13" errors="0" skipped="0" failures="0">
  <properties>
[...]
</properties>
  <testcase name="testIsEmailExists_false" classname="com.pahana.adminstaffsystem.dao.StaffDAOTest" time="0.017"/>
  <testcase name="testGetAllStaff" classname="com.pahana.adminstaffsystem.dao.StaffDAOTest" time="0.023"/>
  <testcase name="testGetStaffById_existing" classname="com.pahana.adminstaffsystem.dao.StaffDAOTest" time="0.058"/>
  <testcase name="testIsUsernameExists_true" classname="com.pahana.adminstaffsystem.dao.StaffDAOTest" time="0.035"/>
  <testcase name="testAddStaff_nullStaff" classname="com.pahana.adminstaffsystem.dao.StaffDAOTest" time="0.008"/>
  <testcase name="testDeleteStaffById_nonExisting" classname="com.pahana.adminstaffsystem.dao.StaffDAOTest" time="0.014"/>
  <testcase name="testDeleteStaffById_success" classname="com.pahana.adminstaffsystem.dao.StaffDAOTest" time="0.042"/>
  <testcase name="testIsUsernameExists_false" classname="com.pahana.adminstaffsystem.dao.StaffDAOTest" time="0.017"/>
  <testcase name="testIsEmailExists_true" classname="com.pahana.adminstaffsystem.dao.StaffDAOTest" time="0.034"/>
  <testcase name="testUpdateStaff_invalid" classname="com.pahana.adminstaffsystem.dao.StaffDAOTest" time="0.012"/>
  <testcase name="testUpdateStaff_success" classname="com.pahana.adminstaffsystem.dao.StaffDAOTest" time="0.042"/>
  <testcase name="testGetStaffById_nonExisting" classname="com.pahana.adminstaffsystem.dao.StaffDAOTest" time="0.013"/>
  <testcase name="testAddStaff_success" classname="com.pahana.adminstaffsystem.dao.StaffDAOTest" time="0.036"/>
</testsuite>